<?xml version="1.0" encoding="UTF-8"?>
<!-- Generated by org.testng.reporters.JUnitReportReporter -->
<testsuite hostname="DESKTOP-UVQNT7S" failures="0" tests="2" name="regressionsuite.TestNG_TestClass1" time="0.029" errors="0" timestamp="6 Jun 2021 10:57:54 GMT">
  <testcase classname="regressionsuite.TestNG_TestClass1" name="testMethod1" time="0.014"/>
  <testcase classname="regressionsuite.TestNG_TestClass1" name="testMethod2" time="0.015"/>
</testsuite> <!-- regressionsuite.TestNG_TestClass1 -->
