<?xml version="1.0" encoding="UTF-8"?>
<!-- Generated by org.testng.reporters.JUnitReportReporter -->
<testsuite hostname="DESKTOP-UVQNT7S" failures="0" tests="3" name="testClasses.TestNG_Prioritiy" time="0.006" errors="0" timestamp="2021-01-30T11:09:09 IST" skipped="0">
  <testcase classname="testClasses.TestNG_Prioritiy" name="testMethod3" time="0.005"/>
  <system-out/>
  <testcase classname="testClasses.TestNG_Prioritiy" name="testMethod2" time="0.001"/>
  <system-out/>
  <testcase classname="testClasses.TestNG_Prioritiy" name="testMethod1" time="0.000"/>
  <system-out/>
</testsuite> <!-- testClasses.TestNG_Prioritiy -->
