<?xml version="1.0" encoding="UTF-8"?>
<!-- Generated by org.testng.reporters.JUnitReportReporter -->
<testsuite hostname="DESKTOP-UVQNT7S" failures="0" tests="2" name="testClasses.TestNG_MethodClassAnnotations" time="0.007" errors="0" timestamp="2021-01-30T08:11:00 IST" skipped="0">
  <testcase classname="testClasses.TestNG_MethodClassAnnotations" name="testMethod1" time="0.005"/>
  <system-out/>
  <testcase classname="testClasses.TestNG_MethodClassAnnotations" name="testMethod2" time="0.002"/>
  <system-out/>
</testsuite> <!-- testClasses.TestNG_MethodClassAnnotations -->
