<?xml version="1.0" encoding="UTF-8"?>
<!-- Generated by org.testng.reporters.JUnitReportReporter -->
<testsuite hostname="DESKTOP-UVQNT7S" failures="0" tests="4" name="testClasses.TestNG_Grouping2" time="0.005" errors="0" timestamp="6 Jun 2021 11:08:57 GMT">
  <testcase classname="testClasses.TestNG_Grouping2" name="testNinja" time="0.001"/>
  <testcase classname="testClasses.TestNG_Grouping2" name="testAudiA6" time="0.003"/>
  <testcase classname="testClasses.TestNG_Grouping2" name="testBMWX6" time="0.001"/>
  <testcase classname="testClasses.TestNG_Grouping2" name="testHondaCBR" time="0.000"/>
</testsuite> <!-- testClasses.TestNG_Grouping2 -->
