<?xml version="1.0" encoding="UTF-8"?>
<!-- Generated by org.testng.reporters.JUnitReportReporter -->
<testsuite hostname="DESKTOP-UVQNT7S" failures="0" tests="2" name="testClasses.TestNG_SeleniumParametersParallelExample" time="12.004" errors="0" timestamp="6 Jun 2021 11:03:22 GMT">
  <testcase classname="testClasses.TestNG_SeleniumParametersParallelExample" name="testLogin" time="5.237"/>
  <testcase classname="testClasses.TestNG_SeleniumParametersParallelExample" name="testLogin" time="6.767"/>
</testsuite> <!-- testClasses.TestNG_SeleniumParametersParallelExample -->
