<?xml version="1.0" encoding="UTF-8"?>
<!-- Generated by org.testng.reporters.JUnitReportReporter -->
<testsuite hostname="DESKTOP-UVQNT7S" failures="0" tests="2" name="regressionsuite.TestNG_TestClass2" time="0.004" errors="0" timestamp="2021-01-30T11:08:00 IST" skipped="0">
  <testcase classname="regressionsuite.TestNG_TestClass2" name="testMethod1" time="0.001"/>
  <system-out/>
  <testcase classname="regressionsuite.TestNG_TestClass2" name="testMethod2" time="0.003"/>
  <system-out/>
</testsuite> <!-- regressionsuite.TestNG_TestClass2 -->
