<?xml version="1.0" encoding="UTF-8"?>
<!-- Generated by org.testng.reporters.JUnitReportReporter -->
<testsuite hostname="DESKTOP-UVQNT7S" failures="0" tests="3" name="testClasses.TestNG_Asserts" time="0.010" errors="0" timestamp="2021-01-30T07:52:35 IST" skipped="0">
  <testcase classname="testClasses.TestNG_Asserts" name="testSum" time="0.000"/>
  <system-out/>
  <testcase classname="testClasses.TestNG_Asserts" name="testArrays" time="0.009"/>
  <system-out/>
  <testcase classname="testClasses.TestNG_Asserts" name="testStrings" time="0.001"/>
  <system-out/>
</testsuite> <!-- testClasses.TestNG_Asserts -->
