<?xml version="1.0" encoding="UTF-8"?>
<!-- Generated by org.testng.reporters.JUnitReportReporter -->
<testsuite hostname="DESKTOP-UVQNT7S" failures="0" tests="2" name="testClasses.TestNG_Parallel2" time="12.017" errors="0" timestamp="2021-01-30T11:31:01 IST" skipped="0">
  <testcase classname="testClasses.TestNG_Parallel2" name="testMethod1" time="6.001"/>
  <system-out/>
  <testcase classname="testClasses.TestNG_Parallel2" name="testMethod2" time="6.016"/>
  <system-out/>
</testsuite> <!-- testClasses.TestNG_Parallel2 -->
