<?xml version="1.0" encoding="UTF-8"?>
<!-- Generated by org.testng.reporters.JUnitReportReporter -->
<testsuite hostname="DESKTOP-UVQNT7S" failures="0" tests="1" name="testClasses.TestNG_Grouping" time="0.004" errors="0" timestamp="6 Jun 2021 11:07:07 GMT">
  <testcase classname="testClasses.TestNG_Grouping" name="testBMWX6" time="0.004"/>
</testsuite> <!-- testClasses.TestNG_Grouping -->
