<?xml version="1.0" encoding="UTF-8"?>
<!-- Generated by org.testng.reporters.JUnitReportReporter -->
<testsuite hostname="DESKTOP-UVQNT7S" failures="0" tests="3" name="testClasses.TestNG_TestAnnotation" time="0.014" errors="0" timestamp="2021-01-30T07:41:31 IST" skipped="0">
  <testcase classname="testClasses.TestNG_TestAnnotation" name="testMethod3" time="0.002"/>
  <system-out/>
  <testcase classname="testClasses.TestNG_TestAnnotation" name="testMethod1" time="0.010"/>
  <system-out/>
  <testcase classname="testClasses.TestNG_TestAnnotation" name="testMethod2" time="0.002"/>
  <system-out/>
</testsuite> <!-- testClasses.TestNG_TestAnnotation -->
