<?xml version="1.0" encoding="UTF-8"?>
<!-- Generated by org.testng.reporters.JUnitReportReporter -->
<testsuite hostname="DESKTOP-UVQNT7S" failures="0" tests="1" name="testClasses.TestNG_Parameters" time="0.005" errors="0" timestamp="2021-01-30T11:28:18 IST" skipped="0">
  <testcase classname="testClasses.TestNG_Parameters" name="testMethod1" time="0.005"/>
  <system-out/>
</testsuite> <!-- testClasses.TestNG_Parameters -->
