<?xml version="1.0" encoding="UTF-8"?>
<!-- Generated by org.testng.reporters.JUnitReportReporter -->
<testsuite hostname="DESKTOP-UVQNT7S" failures="0" tests="2" name="testClasses.TestNG_Preserve1" time="0.001" errors="0" timestamp="6 Jun 2021 11:15:09 GMT">
  <testcase classname="testClasses.TestNG_Preserve1" name="testMethod1" time="0.001"/>
  <testcase classname="testClasses.TestNG_Preserve1" name="testMethod2" time="0.000"/>
</testsuite> <!-- testClasses.TestNG_Preserve1 -->
