<?xml version="1.0" encoding="UTF-8"?>
<!-- Generated by org.testng.reporters.JUnitReportReporter -->
<testsuite hostname="DESKTOP-UVQNT7S" failures="0" tests="1" name="testClasses.TestNG_SoftAsserts" time="0.011" errors="0" timestamp="2021-01-30T07:59:08 IST" skipped="0">
  <testcase classname="testClasses.TestNG_SoftAsserts" name="testSum" time="0.011"/>
  <system-out/>
</testsuite> <!-- testClasses.TestNG_SoftAsserts -->
