<?xml version="1.0" encoding="UTF-8"?>
<!-- Generated by org.testng.reporters.JUnitReportReporter -->
<testsuite hostname="DESKTOP-UVQNT7S" failures="0" tests="2" name="testClasses.TestNG_EnableTimeout" time="0.225" errors="0" timestamp="2021-01-30T11:18:34 IST" skipped="1">
  <testcase classname="testClasses.TestNG_EnableTimeout" name="testMethod2" time="0.225"/>
  <system-out/>
  <testcase classname="testClasses.TestNG_EnableTimeout" name="testMethod1">
    <skipped/>
  </testcase> <!-- testMethod1 -->
  <system-out/>
</testsuite> <!-- testClasses.TestNG_EnableTimeout -->
