<?xml version="1.0" encoding="UTF-8"?>
<!-- Generated by org.testng.reporters.JUnitReportReporter -->
<testsuite hostname="DESKTOP-UVQNT7S" failures="0" tests="4" name="testClasses.TestNG_DependentTests" time="0.010" errors="0" timestamp="2021-01-30T11:17:48 IST" skipped="0">
  <testcase classname="testClasses.TestNG_DependentTests" name="testMethod1" time="0.001"/>
  <system-out/>
  <testcase classname="testClasses.TestNG_DependentTests" name="testMethod4" time="0.001"/>
  <system-out/>
  <testcase classname="testClasses.TestNG_DependentTests" name="testMethod2" time="0.008"/>
  <system-out/>
  <testcase classname="testClasses.TestNG_DependentTests" name="testMethod3" time="0.000"/>
  <system-out/>
</testsuite> <!-- testClasses.TestNG_DependentTests -->
