<?xml version="1.0" encoding="UTF-8"?>
<!-- Generated by org.testng.reporters.JUnitReportReporter -->
<testsuite hostname="DESKTOP-UVQNT7S" failures="0" tests="2" name="testClasses.TestNG_Parallel1" time="12.028" errors="0" timestamp="2021-01-30T11:31:01 IST" skipped="0">
  <testcase classname="testClasses.TestNG_Parallel1" name="testMethod2" time="6.020"/>
  <system-out/>
  <testcase classname="testClasses.TestNG_Parallel1" name="testMethod1" time="6.008"/>
  <system-out/>
</testsuite> <!-- testClasses.TestNG_Parallel1 -->
